Arguments: 
  /usr/local/Cellar/node/17.4.0/bin/node /usr/local/Cellar/yarn/1.22.17_2/libexec/bin/yarn.js install

PATH: 
  /usr/local/opt/mysql-client/bin:/Library/Frameworks/Python.framework/Versions/3.9/bin:/usr/local/bin:/usr/bin:/bin:/usr/sbin:/sbin:/Library/Apple/usr/bin:/Users/ramg/Library/Android/sdk/emulator:/Users/ramg/Library/Android/sdk/platform-tools:/Users/ramg/Library/Android/sdk/tools:/Users/ramg/Library/Android/sdk/tools/bin

Yarn version: 
  1.22.17

Node version: 
  17.4.0

Platform: 
  darwin x64

Trace: 
  Error: getaddrinfo ENOTFOUND registry.yarnpkg.com
      at GetAddrInfoReqWrap.onlookup [as oncomplete] (node:dns:72:26)

npm manifest: 
  {
    "name": "libnjs",
    "version": "1.0.0",
    "main": "index.js",
    "scripts": {
      "test": "echo \"Error: no test specified\" && exit 1"
    },
    "keywords": [],
    "author": "",
    "license": "ISC",
    "dependencies": {
      "body-parser": "^1.20.0",
      "ejs": "^3.1.8",
      "express": "^4.18.1"
    },
    "description": ""
  }

yarn manifest: 
  No manifest

Lockfile: 
  No lockfile
